2021-01-06 10:17:52,404 INFO o.s.b.StartupInfoLogger:55 [restartedMain] Starting EndUserServiceApplication using Java 1.8.0_201 on MSI with PID 7704 (D:\Projects\DA_NVK\web_api\target\classes started by MSI GL63 in D:\Projects\DA_NVK\web_api)
2021-01-06 10:17:52,403 INFO o.h.v.i.u.Version:21 [background-preinit] HV000001: Hibernate Validator 6.0.10.Final
2021-01-06 10:17:52,415 INFO o.s.b.SpringApplication:660 [restartedMain] No active profile set, falling back to default profiles: default
2021-01-06 10:17:52,510 INFO o.s.b.l.DeferredLog:255 [restartedMain] Devtools property defaults active! Set 'spring.devtools.add-properties' to 'false' to disable
2021-01-06 10:17:52,511 INFO o.s.b.l.DeferredLog:255 [restartedMain] For additional web related logging consider setting the 'logging.level.web' property to 'DEBUG'
2021-01-06 10:17:53,705 INFO o.s.d.r.c.RepositoryConfigurationDelegate:250 [restartedMain] Multiple Spring Data modules found, entering strict repository configuration mode!
2021-01-06 10:17:53,707 INFO o.s.d.r.c.RepositoryConfigurationDelegate:128 [restartedMain] Bootstrapping Spring Data JDBC repositories in DEFAULT mode.
2021-01-06 10:17:53,749 INFO o.s.d.r.c.RepositoryConfigurationExtensionSupport:349 [restartedMain] Spring Data JDBC - Could not safely identify store assignment for repository candidate interface com.xdevs.shopnow.enduser.sys.repository.UserCmsRepo. If you want this repository to be a JDBC repository, consider annotating your entities with one of these annotations: org.springframework.data.relational.core.mapping.Table.
2021-01-06 10:17:53,750 INFO o.s.d.r.c.RepositoryConfigurationDelegate:188 [restartedMain] Finished Spring Data repository scanning in 37 ms. Found 0 JDBC repository interfaces.
2021-01-06 10:17:53,762 INFO o.s.d.r.c.RepositoryConfigurationDelegate:250 [restartedMain] Multiple Spring Data modules found, entering strict repository configuration mode!
2021-01-06 10:17:53,764 INFO o.s.d.r.c.RepositoryConfigurationDelegate:128 [restartedMain] Bootstrapping Spring Data JPA repositories in DEFERRED mode.
2021-01-06 10:17:53,802 INFO o.s.d.r.c.RepositoryConfigurationDelegate:188 [restartedMain] Finished Spring Data repository scanning in 31 ms. Found 1 JPA repository interfaces.
2021-01-06 10:17:54,870 INFO o.s.b.w.e.t.TomcatWebServer:108 [restartedMain] Tomcat initialized with port(s): 8080 (http)
2021-01-06 10:17:54,880 INFO o.a.j.l.DirectJDKLog:173 [restartedMain] Initializing ProtocolHandler ["http-nio-8080"]
2021-01-06 10:17:54,881 INFO o.a.j.l.DirectJDKLog:173 [restartedMain] Starting service [Tomcat]
2021-01-06 10:17:54,881 INFO o.a.j.l.DirectJDKLog:173 [restartedMain] Starting Servlet engine: [Apache Tomcat/9.0.39]
2021-01-06 10:17:55,020 INFO o.a.j.l.DirectJDKLog:173 [restartedMain] Initializing Spring embedded WebApplicationContext
2021-01-06 10:17:55,021 INFO o.s.b.w.s.c.ServletWebServerApplicationContext:289 [restartedMain] Root WebApplicationContext: initialization completed in 2509 ms
2021-01-06 10:17:55,258 WARN o.s.b.a.o.j.JpaBaseConfiguration$JpaWebConfiguration:221 [restartedMain] spring.jpa.open-in-view is enabled by default. Therefore, database queries may be performed during view rendering. Explicitly configure spring.jpa.open-in-view to disable this warning
2021-01-06 10:17:55,355 INFO o.s.s.c.ExecutorConfigurationSupport:181 [restartedMain] Initializing ExecutorService 'applicationTaskExecutor'
2021-01-06 10:17:55,376 INFO c.z.h.HikariDataSource:110 [restartedMain] HikariPool-1 - Starting...
2021-01-06 10:17:55,383 WARN c.z.h.u.DriverDataSource:70 [restartedMain] Registered driver with driverClassName=com.mysql.cj.jdbc.NonRegisteringDriver was not found, trying direct instantiation.
2021-01-06 10:18:00,888 INFO c.z.h.HikariDataSource:123 [restartedMain] HikariPool-1 - Start completed.
2021-01-06 10:18:00,961 INFO o.h.j.i.u.LogHelper:31 [task-1] HHH000204: Processing PersistenceUnitInfo [name: default]
2021-01-06 10:18:01,020 INFO o.s.b.w.s.DynamicRegistrationBean:110 [restartedMain] Filter customURLFilter was not registered (possibly already registered?)
2021-01-06 10:18:01,054 DEBUG o.s.w.f.GenericFilterBean:242 [restartedMain] Filter 'logFilter' configured for use
2021-01-06 10:18:01,071 INFO o.h.Version:44 [task-1] HHH000412: Hibernate ORM core version 5.4.23.Final
2021-01-06 10:18:01,225 INFO o.s.b.a.s.s.UserDetailsServiceAutoConfiguration:86 [restartedMain] 

Using generated security password: b5a26bca-fe15-4677-914d-75317cad039f

2021-01-06 10:18:01,332 INFO o.h.a.c.r.j.JavaReflectionManager:56 [task-1] HCANN000001: Hibernate Commons Annotations {5.1.2.Final}
2021-01-06 10:18:01,362 INFO o.s.s.w.DefaultSecurityFilterChain:51 [restartedMain] Will secure any request with [org.springframework.security.web.context.request.async.WebAsyncManagerIntegrationFilter@71b3aed7, org.springframework.security.web.context.SecurityContextPersistenceFilter@6a7899c, org.springframework.security.web.header.HeaderWriterFilter@40e1364d, org.springframework.security.web.authentication.logout.LogoutFilter@5a030006, com.xdevs.shopnow.enduser.filter.JwtAuthenticationFilter@64d2428e, org.springframework.security.web.savedrequest.RequestCacheAwareFilter@25d1f44e, org.springframework.security.web.servletapi.SecurityContextHolderAwareRequestFilter@6b5b19ca, org.springframework.security.web.authentication.AnonymousAuthenticationFilter@63fffe87, org.springframework.security.web.session.SessionManagementFilter@289f775b, org.springframework.security.web.access.ExceptionTranslationFilter@5d0cf847, org.springframework.security.web.access.intercept.FilterSecurityInterceptor@5673afe0]
2021-01-06 10:18:01,534 INFO o.h.d.Dialect:170 [task-1] HHH000400: Using dialect: org.hibernate.dialect.MySQL5InnoDBDialect
2021-01-06 10:18:02,022 INFO o.s.b.d.a.OptionalLiveReloadServer:58 [restartedMain] LiveReload server is running on port 35729
2021-01-06 10:18:02,151 INFO o.s.b.a.e.w.EndpointLinksResolver:58 [restartedMain] Exposing 2 endpoint(s) beneath base path '/actuator'
2021-01-06 10:18:02,462 INFO o.h.e.t.j.p.i.JtaPlatformInitiator:52 [task-1] HHH000490: Using JtaPlatform implementation: [org.hibernate.engine.transaction.jta.platform.internal.NoJtaPlatform]
2021-01-06 10:18:02,474 INFO o.s.o.j.AbstractEntityManagerFactoryBean:434 [task-1] Initialized JPA EntityManagerFactory for persistence unit 'default'
2021-01-06 10:18:02,497 INFO o.a.j.l.DirectJDKLog:173 [restartedMain] Starting ProtocolHandler ["http-nio-8080"]
2021-01-06 10:18:02,520 INFO o.s.b.w.e.t.TomcatWebServer:220 [restartedMain] Tomcat started on port(s): 8080 (http) with context path '/shopnow/enduser'
2021-01-06 10:18:02,522 INFO o.s.d.r.c.DeferredRepositoryInitializationListener:51 [restartedMain] Triggering deferred initialization of Spring Data repositories…
2021-01-06 10:18:02,852 INFO o.s.d.r.c.DeferredRepositoryInitializationListener:55 [restartedMain] Spring Data repositories initialized!
2021-01-06 10:18:02,862 INFO o.s.b.StartupInfoLogger:61 [restartedMain] Started EndUserServiceApplication in 11.034 seconds (JVM running for 12.086)
2021-01-06 10:18:56,619 INFO o.a.j.l.DirectJDKLog:173 [http-nio-8080-exec-1] Initializing Spring DispatcherServlet 'dispatcherServlet'
2021-01-06 10:18:56,619 INFO o.s.w.s.FrameworkServlet:525 [http-nio-8080-exec-1] Initializing Servlet 'dispatcherServlet'
2021-01-06 10:18:56,620 INFO o.s.w.s.FrameworkServlet:547 [http-nio-8080-exec-1] Completed initialization in 1 ms
2021-01-06 10:18:56,639 INFO c.x.s.e.f.CustomURLFilter:47 [http-nio-8080-exec-1] requestId: d7dc79c6-f70c-4dde-9f9f-95d94c1a1fa1, path: /shopnow/enduser/home/productCategory, query string: null, headers: host=localhost:8080, connection=keep-alive, sec-ch-ua="Google Chrome";v="87", " Not;A Brand";v="99", "Chromium";v="87", cache-control=no-cache, sec-ch-ua-mobile=?0, user-agent=Mozilla/5.0 (Windows NT 10.0; Win64; x64) AppleWebKit/537.36 (KHTML, like Gecko) Chrome/87.0.4280.88 Safari/537.36, postman-token=a8c2f240-1136-6635-b1cb-20e20cf83ccf, accept=*/*, sec-fetch-site=none, sec-fetch-mode=cors, sec-fetch-dest=empty, accept-encoding=gzip, deflate, br, accept-language=vi-VN,vi;q=0.9, 
2021-01-06 10:18:56,648 DEBUG o.s.w.f.CommonsRequestLoggingFilter:47 [http-nio-8080-exec-1] Before request [GET /shopnow/enduser/home/productCategory, headers=[host:"localhost:8080", connection:"keep-alive", sec-ch-ua:""Google Chrome";v="87", " Not;A Brand";v="99", "Chromium";v="87"", cache-control:"no-cache", sec-ch-ua-mobile:"?0", user-agent:"Mozilla/5.0 (Windows NT 10.0; Win64; x64) AppleWebKit/537.36 (KHTML, like Gecko) Chrome/87.0.4280.88 Safari/537.36", postman-token:"a8c2f240-1136-6635-b1cb-20e20cf83ccf", accept:"*/*", sec-fetch-site:"none", sec-fetch-mode:"cors", sec-fetch-dest:"empty", accept-encoding:"gzip, deflate, br", accept-language:"vi-VN,vi;q=0.9"]]
2021-01-06 10:18:56,661 DEBUG o.s.w.f.CommonsRequestLoggingFilter:55 [http-nio-8080-exec-1] REQUEST DATA : GET /shopnow/enduser/home/productCategory, headers=[host:"localhost:8080", connection:"keep-alive", sec-ch-ua:""Google Chrome";v="87", " Not;A Brand";v="99", "Chromium";v="87"", cache-control:"no-cache", sec-ch-ua-mobile:"?0", user-agent:"Mozilla/5.0 (Windows NT 10.0; Win64; x64) AppleWebKit/537.36 (KHTML, like Gecko) Chrome/87.0.4280.88 Safari/537.36", postman-token:"a8c2f240-1136-6635-b1cb-20e20cf83ccf", accept:"*/*", sec-fetch-site:"none", sec-fetch-mode:"cors", sec-fetch-dest:"empty", accept-encoding:"gzip, deflate, br", accept-language:"vi-VN,vi;q=0.9"]]
2021-01-06 10:18:56,691 INFO c.x.s.e.s.s.LoggingService:27 [http-nio-8080-exec-1] requestId: d7dc79c6-f70c-4dde-9f9f-95d94c1a1fa1, body response: {"timestamp":"Jan 6, 2021 10:18:56 AM","status":404,"error":"Not Found","message":"No message available","path":"/shopnow/enduser/home/productCategory"}
2021-01-06 10:19:23,950 INFO c.x.s.e.f.CustomURLFilter:47 [http-nio-8080-exec-3] requestId: ccc18b23-5aff-4cd9-9615-eaa2eca3530f, path: /shopnow/enduser/home/productCategory, query string: null, headers: host=localhost:8080, connection=keep-alive, sec-ch-ua="Google Chrome";v="87", " Not;A Brand";v="99", "Chromium";v="87", cache-control=no-cache, sec-ch-ua-mobile=?0, user-agent=Mozilla/5.0 (Windows NT 10.0; Win64; x64) AppleWebKit/537.36 (KHTML, like Gecko) Chrome/87.0.4280.88 Safari/537.36, postman-token=0c4994fd-bf51-8e02-6f70-a05e395d2865, accept=*/*, sec-fetch-site=none, sec-fetch-mode=cors, sec-fetch-dest=empty, accept-encoding=gzip, deflate, br, accept-language=vi-VN,vi;q=0.9, 
2021-01-06 10:19:23,950 DEBUG o.s.w.f.CommonsRequestLoggingFilter:47 [http-nio-8080-exec-3] Before request [GET /shopnow/enduser/home/productCategory, headers=[host:"localhost:8080", connection:"keep-alive", sec-ch-ua:""Google Chrome";v="87", " Not;A Brand";v="99", "Chromium";v="87"", cache-control:"no-cache", sec-ch-ua-mobile:"?0", user-agent:"Mozilla/5.0 (Windows NT 10.0; Win64; x64) AppleWebKit/537.36 (KHTML, like Gecko) Chrome/87.0.4280.88 Safari/537.36", postman-token:"0c4994fd-bf51-8e02-6f70-a05e395d2865", accept:"*/*", sec-fetch-site:"none", sec-fetch-mode:"cors", sec-fetch-dest:"empty", accept-encoding:"gzip, deflate, br", accept-language:"vi-VN,vi;q=0.9"]]
2021-01-06 10:19:23,954 DEBUG o.s.w.f.CommonsRequestLoggingFilter:55 [http-nio-8080-exec-3] REQUEST DATA : GET /shopnow/enduser/home/productCategory, headers=[host:"localhost:8080", connection:"keep-alive", sec-ch-ua:""Google Chrome";v="87", " Not;A Brand";v="99", "Chromium";v="87"", cache-control:"no-cache", sec-ch-ua-mobile:"?0", user-agent:"Mozilla/5.0 (Windows NT 10.0; Win64; x64) AppleWebKit/537.36 (KHTML, like Gecko) Chrome/87.0.4280.88 Safari/537.36", postman-token:"0c4994fd-bf51-8e02-6f70-a05e395d2865", accept:"*/*", sec-fetch-site:"none", sec-fetch-mode:"cors", sec-fetch-dest:"empty", accept-encoding:"gzip, deflate, br", accept-language:"vi-VN,vi;q=0.9"]]
2021-01-06 10:19:23,958 INFO c.x.s.e.s.s.LoggingService:27 [http-nio-8080-exec-3] requestId: ccc18b23-5aff-4cd9-9615-eaa2eca3530f, body response: {"timestamp":"Jan 6, 2021 10:19:23 AM","status":404,"error":"Not Found","message":"No message available","path":"/shopnow/enduser/home/productCategory"}
